Determining if the pthread_create exist failed with the following output:
Change Dir: /home/jeevan/catkin_ws/src/costmap/build/CMakeFiles/CMakeTmp

Run Build Command:"/usr/bin/make" "cmTC_0e7cb/fast"
/usr/bin/make -f CMakeFiles/cmTC_0e7cb.dir/build.make CMakeFiles/cmTC_0e7cb.dir/build
make[1]: Entering directory '/home/jeevan/catkin_ws/src/costmap/build/CMakeFiles/CMakeTmp'
Building C object CMakeFiles/cmTC_0e7cb.dir/CheckSymbolExists.c.o
/usr/bin/gcc-6    -o CMakeFiles/cmTC_0e7cb.dir/CheckSymbolExists.c.o   -c /home/jeevan/catkin_ws/src/costmap/build/CMakeFiles/CMakeTmp/CheckSymbolExists.c
Linking C executable cmTC_0e7cb
/usr/bin/cmake -E cmake_link_script CMakeFiles/cmTC_0e7cb.dir/link.txt --verbose=1
/usr/bin/gcc-6      -rdynamic CMakeFiles/cmTC_0e7cb.dir/CheckSymbolExists.c.o  -o cmTC_0e7cb 
CMakeFiles/cmTC_0e7cb.dir/CheckSymbolExists.c.o: In function `main':
CheckSymbolExists.c:(.text+0x1b): undefined reference to `pthread_create'
collect2: error: ld returned 1 exit status
CMakeFiles/cmTC_0e7cb.dir/build.make:97: recipe for target 'cmTC_0e7cb' failed
make[1]: *** [cmTC_0e7cb] Error 1
make[1]: Leaving directory '/home/jeevan/catkin_ws/src/costmap/build/CMakeFiles/CMakeTmp'
Makefile:126: recipe for target 'cmTC_0e7cb/fast' failed
make: *** [cmTC_0e7cb/fast] Error 2

File /home/jeevan/catkin_ws/src/costmap/build/CMakeFiles/CMakeTmp/CheckSymbolExists.c:
/* */
#include <pthread.h>

int main(int argc, char** argv)
{
  (void)argv;
#ifndef pthread_create
  return ((int*)(&pthread_create))[argc];
#else
  (void)argc;
  return 0;
#endif
}

Determining if the function pthread_create exists in the pthreads failed with the following output:
Change Dir: /home/jeevan/catkin_ws/src/costmap/build/CMakeFiles/CMakeTmp

Run Build Command:"/usr/bin/make" "cmTC_6aef8/fast"
/usr/bin/make -f CMakeFiles/cmTC_6aef8.dir/build.make CMakeFiles/cmTC_6aef8.dir/build
make[1]: Entering directory '/home/jeevan/catkin_ws/src/costmap/build/CMakeFiles/CMakeTmp'
Building C object CMakeFiles/cmTC_6aef8.dir/CheckFunctionExists.c.o
/usr/bin/gcc-6   -DCHECK_FUNCTION_EXISTS=pthread_create   -o CMakeFiles/cmTC_6aef8.dir/CheckFunctionExists.c.o   -c /usr/share/cmake-3.10/Modules/CheckFunctionExists.c
Linking C executable cmTC_6aef8
/usr/bin/cmake -E cmake_link_script CMakeFiles/cmTC_6aef8.dir/link.txt --verbose=1
/usr/bin/gcc-6  -DCHECK_FUNCTION_EXISTS=pthread_create    -rdynamic CMakeFiles/cmTC_6aef8.dir/CheckFunctionExists.c.o  -o cmTC_6aef8 -lpthreads 
/usr/bin/x86_64-linux-gnu-ld: cannot find -lpthreads
collect2: error: ld returned 1 exit status
CMakeFiles/cmTC_6aef8.dir/build.make:97: recipe for target 'cmTC_6aef8' failed
make[1]: *** [cmTC_6aef8] Error 1
make[1]: Leaving directory '/home/jeevan/catkin_ws/src/costmap/build/CMakeFiles/CMakeTmp'
Makefile:126: recipe for target 'cmTC_6aef8/fast' failed
make: *** [cmTC_6aef8/fast] Error 2


